<?xml version="1.0" encoding="UTF-8"?>
<testng-results skipped="0" failed="0" ignored="0" total="1" passed="1">
  <reporter-output>
  </reporter-output>
  <suite name="Default suite" duration-ms="59126" started-at="2021-02-07T08:43:17Z" finished-at="2021-02-07T08:44:16Z">
    <groups>
    </groups>
    <test name="Default test" duration-ms="59126" started-at="2021-02-07T08:43:17Z" finished-at="2021-02-07T08:44:16Z">
      <class name="Test.LoginTest">
        <test-method status="PASS" signature="navToUrl()[pri:0, instance:Test.LoginTest@2a693f59]" name="navToUrl" is-config="true" duration-ms="35382" started-at="2021-02-07T08:42:41Z" finished-at="2021-02-07T08:43:17Z">
          <reporter-output>
          </reporter-output>
        </test-method> <!-- navToUrl -->
        <test-method status="PASS" signature="login()[pri:0, instance:Test.LoginTest@2a693f59]" name="login" duration-ms="58939" started-at="2021-02-07T08:43:17Z" finished-at="2021-02-07T08:44:16Z">
          <reporter-output>
          </reporter-output>
        </test-method> <!-- login -->
      </class> <!-- Test.LoginTest -->
    </test> <!-- Default test -->
  </suite> <!-- Default suite -->
</testng-results>
